<?xml version="1.0" encoding="UTF-8"?>
<testng-results skipped="0" failed="0" ignored="0" total="1" passed="1">
  <reporter-output>
  </reporter-output>
  <suite name="com.bootcampWS.rest.tests.GenerateTableTest" duration-ms="4524" started-at="2017-11-03T22:44:57Z" finished-at="2017-11-03T22:45:01Z">
    <groups>
    </groups>
    <test name="Command line test" duration-ms="4524" started-at="2017-11-03T22:44:57Z" finished-at="2017-11-03T22:45:01Z">
      <class name="com.bootcampWS.rest.tests.GenerateTableTest">
        <test-method status="PASS" signature="generateTables()[pri:0, instance:com.bootcampWS.rest.tests.GenerateTableTest@2bcfcb]" name="generateTables" duration-ms="4418" started-at="2017-11-03T23:44:57Z" finished-at="2017-11-03T23:45:01Z">
          <reporter-output>
          </reporter-output>
        </test-method> <!-- generateTables -->
      </class> <!-- com.bootcampWS.rest.tests.GenerateTableTest -->
    </test> <!-- Command line test -->
  </suite> <!-- com.bootcampWS.rest.tests.GenerateTableTest -->
</testng-results>
